{"/Users/hamzaboukaftane/Documents/BacPoly/Poly_Hiver_2023/LOG2440_cncptn_web/TD/TD5/tp5_2183376_2174916/server/services/database.service.js": {"path":"/Users/hamzaboukaftane/Documents/BacPoly/Poly_Hiver_2023/LOG2440_cncptn_web/TD/TD5/tp5_2183376_2174916/server/services/database.service.js","statementMap":{"0":{"start":{"line":11,"column":24},"end":{"line":11,"column":42}},"1":{"start":{"line":12,"column":18},"end":{"line":12,"column":41}},"2":{"start":{"line":16,"column":23},"end":{"line":16,"column":63}},"3":{"start":{"line":17,"column":23},"end":{"line":17,"column":58}},"4":{"start":{"line":18,"column":4},"end":{"line":20,"column":5}},"5":{"start":{"line":19,"column":6},"end":{"line":19,"column":40}},"6":{"start":{"line":24,"column":4},"end":{"line":36,"column":5}},"7":{"start":{"line":25,"column":6},"end":{"line":28,"column":9}},"8":{"start":{"line":29,"column":6},"end":{"line":29,"column":34}},"9":{"start":{"line":30,"column":6},"end":{"line":30,"column":48}},"10":{"start":{"line":32,"column":6},"end":{"line":32,"column":56}},"11":{"start":{"line":35,"column":6},"end":{"line":35,"column":25}},"12":{"start":{"line":40,"column":18},"end":{"line":40,"column":39}},"13":{"start":{"line":42,"column":0},"end":{"line":42,"column":31}}},"fnMap":{"0":{"name":"(anonymous_0)","decl":{"start":{"line":15,"column":2},"end":{"line":15,"column":3}},"loc":{"start":{"line":15,"column":42},"end":{"line":21,"column":3}},"line":15},"1":{"name":"(anonymous_1)","decl":{"start":{"line":23,"column":2},"end":{"line":23,"column":3}},"loc":{"start":{"line":23,"column":30},"end":{"line":37,"column":3}},"line":23}},"branchMap":{"0":{"loc":{"start":{"line":18,"column":4},"end":{"line":20,"column":5}},"type":"if","locations":[{"start":{"line":18,"column":4},"end":{"line":20,"column":5}},{"start":{},"end":{}}],"line":18}},"s":{"0":4,"1":4,"2":2,"3":2,"4":2,"5":1,"6":30,"7":30,"8":29,"9":29,"10":29,"11":1,"12":4,"13":4},"f":{"0":2,"1":30},"b":{"0":[1,1]},"_coverageSchema":"1a1c01bbd47fc00a2c39e90264f33305004495a9","hash":"a313e3cff71a947a4b5e1ebadd74964a9d6eb607"}
,"/Users/hamzaboukaftane/Documents/BacPoly/Poly_Hiver_2023/LOG2440_cncptn_web/TD/TD5/tp5_2183376_2174916/server/services/file_system_manager.js": {"path":"/Users/hamzaboukaftane/Documents/BacPoly/Poly_Hiver_2023/LOG2440_cncptn_web/TD/TD5/tp5_2183376_2174916/server/services/file_system_manager.js","statementMap":{"0":{"start":{"line":1,"column":11},"end":{"line":1,"column":24}},"1":{"start":{"line":10,"column":4},"end":{"line":10,"column":44}},"2":{"start":{"line":14,"column":0},"end":{"line":14,"column":39}}},"fnMap":{"0":{"name":"(anonymous_0)","decl":{"start":{"line":9,"column":2},"end":{"line":9,"column":3}},"loc":{"start":{"line":9,"column":24},"end":{"line":11,"column":3}},"line":9}},"branchMap":{},"s":{"0":3,"1":2,"2":3},"f":{"0":2},"b":{},"_coverageSchema":"1a1c01bbd47fc00a2c39e90264f33305004495a9","hash":"c08cd6543ed0a7c5d2a53c66125ae4fb00ea2abe"}
,"/Users/hamzaboukaftane/Documents/BacPoly/Poly_Hiver_2023/LOG2440_cncptn_web/TD/TD5/tp5_2183376_2174916/server/services/playlist.service.js": {"path":"/Users/hamzaboukaftane/Documents/BacPoly/Poly_Hiver_2023/LOG2440_cncptn_web/TD/TD5/tp5_2183376_2174916/server/services/playlist.service.js","statementMap":{"0":{"start":{"line":11,"column":30},"end":{"line":11,"column":62}},"1":{"start":{"line":12,"column":22},"end":{"line":12,"column":51}},"2":{"start":{"line":13,"column":18},"end":{"line":13,"column":41}},"3":{"start":{"line":14,"column":13},"end":{"line":14,"column":28}},"4":{"start":{"line":15,"column":23},"end":{"line":15,"column":40}},"5":{"start":{"line":16,"column":11},"end":{"line":16,"column":24}},"6":{"start":{"line":20,"column":4},"end":{"line":20,"column":72}},"7":{"start":{"line":21,"column":4},"end":{"line":21,"column":53}},"8":{"start":{"line":22,"column":4},"end":{"line":22,"column":31}},"9":{"start":{"line":26,"column":4},"end":{"line":26,"column":75}},"10":{"start":{"line":30,"column":4},"end":{"line":30,"column":52}},"11":{"start":{"line":34,"column":4},"end":{"line":34,"column":49}},"12":{"start":{"line":38,"column":4},"end":{"line":38,"column":31}},"13":{"start":{"line":39,"column":4},"end":{"line":39,"column":47}},"14":{"start":{"line":40,"column":4},"end":{"line":40,"column":46}},"15":{"start":{"line":41,"column":4},"end":{"line":41,"column":20}},"16":{"start":{"line":45,"column":4},"end":{"line":45,"column":24}},"17":{"start":{"line":46,"column":4},"end":{"line":46,"column":47}},"18":{"start":{"line":47,"column":4},"end":{"line":47,"column":79}},"19":{"start":{"line":51,"column":4},"end":{"line":61,"column":5}},"20":{"start":{"line":52,"column":6},"end":{"line":52,"column":20}},"21":{"start":{"line":53,"column":11},"end":{"line":61,"column":5}},"22":{"start":{"line":54,"column":6},"end":{"line":54,"column":19}},"23":{"start":{"line":55,"column":11},"end":{"line":61,"column":5}},"24":{"start":{"line":56,"column":6},"end":{"line":56,"column":19}},"25":{"start":{"line":57,"column":11},"end":{"line":61,"column":5}},"26":{"start":{"line":58,"column":6},"end":{"line":58,"column":19}},"27":{"start":{"line":60,"column":6},"end":{"line":60,"column":46}},"28":{"start":{"line":65,"column":16},"end":{"line":65,"column":62}},"29":{"start":{"line":66,"column":4},"end":{"line":69,"column":5}},"30":{"start":{"line":67,"column":20},"end":{"line":67,"column":39}},"31":{"start":{"line":68,"column":6},"end":{"line":68,"column":48}},"32":{"start":{"line":70,"column":4},"end":{"line":70,"column":30}},"33":{"start":{"line":74,"column":4},"end":{"line":74,"column":40}},"34":{"start":{"line":78,"column":23},"end":{"line":78,"column":74}},"35":{"start":{"line":79,"column":26},"end":{"line":79,"column":92}},"36":{"start":{"line":80,"column":30},"end":{"line":80,"column":71}},"37":{"start":{"line":81,"column":21},"end":{"line":81,"column":91}},"38":{"start":{"line":82,"column":4},"end":{"line":82,"column":81}},"39":{"start":{"line":83,"column":4},"end":{"line":83,"column":43}},"40":{"start":{"line":87,"column":4},"end":{"line":87,"column":71}},"41":{"start":{"line":91,"column":4},"end":{"line":101,"column":5}},"42":{"start":{"line":92,"column":6},"end":{"line":95,"column":8}},"43":{"start":{"line":97,"column":6},"end":{"line":100,"column":8}},"44":{"start":{"line":105,"column":4},"end":{"line":105,"column":65}},"45":{"start":{"line":109,"column":22},"end":{"line":109,"column":97}},"46":{"start":{"line":110,"column":4},"end":{"line":110,"column":82}},"47":{"start":{"line":113,"column":0},"end":{"line":113,"column":37}}},"fnMap":{"0":{"name":"(anonymous_0)","decl":{"start":{"line":19,"column":2},"end":{"line":19,"column":3}},"loc":{"start":{"line":19,"column":17},"end":{"line":23,"column":3}},"line":19},"1":{"name":"(anonymous_1)","decl":{"start":{"line":25,"column":2},"end":{"line":25,"column":3}},"loc":{"start":{"line":25,"column":20},"end":{"line":27,"column":3}},"line":25},"2":{"name":"(anonymous_2)","decl":{"start":{"line":29,"column":2},"end":{"line":29,"column":3}},"loc":{"start":{"line":29,"column":27},"end":{"line":31,"column":3}},"line":29},"3":{"name":"(anonymous_3)","decl":{"start":{"line":33,"column":2},"end":{"line":33,"column":3}},"loc":{"start":{"line":33,"column":29},"end":{"line":35,"column":3}},"line":33},"4":{"name":"(anonymous_4)","decl":{"start":{"line":37,"column":2},"end":{"line":37,"column":3}},"loc":{"start":{"line":37,"column":31},"end":{"line":42,"column":3}},"line":37},"5":{"name":"(anonymous_5)","decl":{"start":{"line":44,"column":2},"end":{"line":44,"column":3}},"loc":{"start":{"line":44,"column":34},"end":{"line":48,"column":3}},"line":44},"6":{"name":"(anonymous_6)","decl":{"start":{"line":50,"column":2},"end":{"line":50,"column":3}},"loc":{"start":{"line":50,"column":39},"end":{"line":62,"column":3}},"line":50},"7":{"name":"(anonymous_7)","decl":{"start":{"line":64,"column":2},"end":{"line":64,"column":3}},"loc":{"start":{"line":64,"column":28},"end":{"line":71,"column":3}},"line":64},"8":{"name":"(anonymous_8)","decl":{"start":{"line":73,"column":2},"end":{"line":73,"column":3}},"loc":{"start":{"line":73,"column":43},"end":{"line":75,"column":3}},"line":73},"9":{"name":"(anonymous_9)","decl":{"start":{"line":77,"column":2},"end":{"line":77,"column":3}},"loc":{"start":{"line":77,"column":41},"end":{"line":84,"column":3}},"line":77},"10":{"name":"(anonymous_10)","decl":{"start":{"line":86,"column":2},"end":{"line":86,"column":3}},"loc":{"start":{"line":86,"column":34},"end":{"line":88,"column":3}},"line":86},"11":{"name":"(anonymous_11)","decl":{"start":{"line":90,"column":2},"end":{"line":90,"column":3}},"loc":{"start":{"line":90,"column":36},"end":{"line":102,"column":3}},"line":90},"12":{"name":"(anonymous_12)","decl":{"start":{"line":104,"column":2},"end":{"line":104,"column":3}},"loc":{"start":{"line":104,"column":27},"end":{"line":106,"column":3}},"line":104},"13":{"name":"(anonymous_13)","decl":{"start":{"line":108,"column":2},"end":{"line":108,"column":3}},"loc":{"start":{"line":108,"column":22},"end":{"line":111,"column":3}},"line":108}},"branchMap":{"0":{"loc":{"start":{"line":51,"column":4},"end":{"line":61,"column":5}},"type":"if","locations":[{"start":{"line":51,"column":4},"end":{"line":61,"column":5}},{"start":{"line":53,"column":11},"end":{"line":61,"column":5}}],"line":51},"1":{"loc":{"start":{"line":53,"column":11},"end":{"line":61,"column":5}},"type":"if","locations":[{"start":{"line":53,"column":11},"end":{"line":61,"column":5}},{"start":{"line":55,"column":11},"end":{"line":61,"column":5}}],"line":53},"2":{"loc":{"start":{"line":55,"column":11},"end":{"line":61,"column":5}},"type":"if","locations":[{"start":{"line":55,"column":11},"end":{"line":61,"column":5}},{"start":{"line":57,"column":11},"end":{"line":61,"column":5}}],"line":55},"3":{"loc":{"start":{"line":57,"column":11},"end":{"line":61,"column":5}},"type":"if","locations":[{"start":{"line":57,"column":11},"end":{"line":61,"column":5}},{"start":{"line":59,"column":11},"end":{"line":61,"column":5}}],"line":57},"4":{"loc":{"start":{"line":66,"column":4},"end":{"line":69,"column":5}},"type":"if","locations":[{"start":{"line":66,"column":4},"end":{"line":69,"column":5}},{"start":{},"end":{}}],"line":66},"5":{"loc":{"start":{"line":91,"column":4},"end":{"line":101,"column":5}},"type":"if","locations":[{"start":{"line":91,"column":4},"end":{"line":101,"column":5}},{"start":{"line":96,"column":11},"end":{"line":101,"column":5}}],"line":91}},"s":{"0":2,"1":2,"2":2,"3":2,"4":2,"5":2,"6":20,"7":20,"8":20,"9":14,"10":4,"11":3,"12":1,"13":1,"14":1,"15":1,"16":1,"17":1,"18":1,"19":5,"20":1,"21":4,"22":1,"23":3,"24":1,"25":2,"26":1,"27":1,"28":2,"29":2,"30":1,"31":1,"32":2,"33":1,"34":1,"35":1,"36":1,"37":1,"38":1,"39":1,"40":3,"41":3,"42":2,"43":1,"44":3,"45":1,"46":1,"47":2},"f":{"0":20,"1":14,"2":4,"3":3,"4":1,"5":1,"6":5,"7":2,"8":1,"9":1,"10":3,"11":3,"12":3,"13":1},"b":{"0":[1,4],"1":[1,3],"2":[1,2],"3":[1,1],"4":[1,1],"5":[2,1]},"_coverageSchema":"1a1c01bbd47fc00a2c39e90264f33305004495a9","hash":"a4f72c600c2f0b627aebe486c2996dcde313fb14"}
,"/Users/hamzaboukaftane/Documents/BacPoly/Poly_Hiver_2023/LOG2440_cncptn_web/TD/TD5/tp5_2183376_2174916/server/services/search_bar.service.js": {"path":"/Users/hamzaboukaftane/Documents/BacPoly/Poly_Hiver_2023/LOG2440_cncptn_web/TD/TD5/tp5_2183376_2174916/server/services/search_bar.service.js","statementMap":{"0":{"start":{"line":3,"column":4},"end":{"line":3,"column":37}},"1":{"start":{"line":4,"column":4},"end":{"line":4,"column":43}},"2":{"start":{"line":8,"column":18},"end":{"line":8,"column":73}},"3":{"start":{"line":9,"column":22},"end":{"line":9,"column":80}},"4":{"start":{"line":10,"column":4},"end":{"line":10,"column":32}},"5":{"start":{"line":14,"column":0},"end":{"line":14,"column":38}}},"fnMap":{"0":{"name":"(anonymous_0)","decl":{"start":{"line":2,"column":2},"end":{"line":2,"column":3}},"loc":{"start":{"line":2,"column":46},"end":{"line":5,"column":3}},"line":2},"1":{"name":"(anonymous_1)","decl":{"start":{"line":7,"column":2},"end":{"line":7,"column":3}},"loc":{"start":{"line":7,"column":41},"end":{"line":11,"column":3}},"line":7}},"branchMap":{},"s":{"0":2,"1":2,"2":2,"3":2,"4":2,"5":1},"f":{"0":2,"1":2},"b":{},"_coverageSchema":"1a1c01bbd47fc00a2c39e90264f33305004495a9","hash":"a72d83a3c90a63d570e6308d2fefb0267386636c"}
,"/Users/hamzaboukaftane/Documents/BacPoly/Poly_Hiver_2023/LOG2440_cncptn_web/TD/TD5/tp5_2183376_2174916/server/services/songs.service.js": {"path":"/Users/hamzaboukaftane/Documents/BacPoly/Poly_Hiver_2023/LOG2440_cncptn_web/TD/TD5/tp5_2183376_2174916/server/services/songs.service.js","statementMap":{"0":{"start":{"line":11,"column":30},"end":{"line":11,"column":62}},"1":{"start":{"line":12,"column":22},"end":{"line":12,"column":51}},"2":{"start":{"line":13,"column":18},"end":{"line":13,"column":41}},"3":{"start":{"line":15,"column":13},"end":{"line":15,"column":28}},"4":{"start":{"line":19,"column":4},"end":{"line":19,"column":68}},"5":{"start":{"line":20,"column":4},"end":{"line":20,"column":53}},"6":{"start":{"line":21,"column":4},"end":{"line":21,"column":31}},"7":{"start":{"line":25,"column":4},"end":{"line":25,"column":71}},"8":{"start":{"line":29,"column":4},"end":{"line":29,"column":52}},"9":{"start":{"line":33,"column":4},"end":{"line":33,"column":63}},"10":{"start":{"line":37,"column":17},"end":{"line":37,"column":43}},"11":{"start":{"line":38,"column":4},"end":{"line":38,"column":89}},"12":{"start":{"line":39,"column":4},"end":{"line":39,"column":23}},"13":{"start":{"line":43,"column":4},"end":{"line":43,"column":71}},"14":{"start":{"line":47,"column":4},"end":{"line":59,"column":5}},"15":{"start":{"line":48,"column":6},"end":{"line":52,"column":8}},"16":{"start":{"line":54,"column":6},"end":{"line":58,"column":8}},"17":{"start":{"line":63,"column":4},"end":{"line":63,"column":65}},"18":{"start":{"line":67,"column":18},"end":{"line":67,"column":89}},"19":{"start":{"line":68,"column":4},"end":{"line":68,"column":74}},"20":{"start":{"line":72,"column":0},"end":{"line":72,"column":33}}},"fnMap":{"0":{"name":"(anonymous_0)","decl":{"start":{"line":18,"column":2},"end":{"line":18,"column":3}},"loc":{"start":{"line":18,"column":17},"end":{"line":22,"column":3}},"line":18},"1":{"name":"(anonymous_1)","decl":{"start":{"line":24,"column":2},"end":{"line":24,"column":3}},"loc":{"start":{"line":24,"column":20},"end":{"line":26,"column":3}},"line":24},"2":{"name":"(anonymous_2)","decl":{"start":{"line":28,"column":2},"end":{"line":28,"column":3}},"loc":{"start":{"line":28,"column":23},"end":{"line":30,"column":3}},"line":28},"3":{"name":"(anonymous_3)","decl":{"start":{"line":32,"column":2},"end":{"line":32,"column":3}},"loc":{"start":{"line":32,"column":25},"end":{"line":34,"column":3}},"line":32},"4":{"name":"(anonymous_4)","decl":{"start":{"line":36,"column":2},"end":{"line":36,"column":3}},"loc":{"start":{"line":36,"column":28},"end":{"line":40,"column":3}},"line":36},"5":{"name":"(anonymous_5)","decl":{"start":{"line":42,"column":2},"end":{"line":42,"column":3}},"loc":{"start":{"line":42,"column":34},"end":{"line":44,"column":3}},"line":42},"6":{"name":"(anonymous_6)","decl":{"start":{"line":46,"column":2},"end":{"line":46,"column":3}},"loc":{"start":{"line":46,"column":36},"end":{"line":60,"column":3}},"line":46},"7":{"name":"(anonymous_7)","decl":{"start":{"line":62,"column":2},"end":{"line":62,"column":3}},"loc":{"start":{"line":62,"column":27},"end":{"line":64,"column":3}},"line":62},"8":{"name":"(anonymous_8)","decl":{"start":{"line":66,"column":2},"end":{"line":66,"column":3}},"loc":{"start":{"line":66,"column":22},"end":{"line":69,"column":3}},"line":66}},"branchMap":{"0":{"loc":{"start":{"line":47,"column":4},"end":{"line":59,"column":5}},"type":"if","locations":[{"start":{"line":47,"column":4},"end":{"line":59,"column":5}},{"start":{"line":53,"column":11},"end":{"line":59,"column":5}}],"line":47}},"s":{"0":2,"1":2,"2":2,"3":2,"4":10,"5":10,"6":10,"7":14,"8":1,"9":7,"10":3,"11":3,"12":3,"13":3,"14":3,"15":2,"16":1,"17":3,"18":1,"19":1,"20":2},"f":{"0":10,"1":14,"2":1,"3":7,"4":3,"5":3,"6":3,"7":3,"8":1},"b":{"0":[2,1]},"_coverageSchema":"1a1c01bbd47fc00a2c39e90264f33305004495a9","hash":"438f1ffa5610a983393599eed715923a106afc84"}
}
