TN:
SF:services/database.service.js
FN:15,(anonymous_0)
FN:23,(anonymous_1)
FNF:2
FNH:2
FNDA:2,(anonymous_0)
FNDA:30,(anonymous_1)
DA:11,4
DA:12,4
DA:16,2
DA:17,2
DA:18,2
DA:19,1
DA:24,30
DA:25,30
DA:29,29
DA:30,29
DA:32,29
DA:35,1
DA:40,4
DA:42,4
LF:14
LH:14
BRDA:18,0,0,1
BRDA:18,0,1,1
BRF:2
BRH:2
end_of_record
TN:
SF:services/file_system_manager.js
FN:9,(anonymous_0)
FNF:1
FNH:1
FNDA:2,(anonymous_0)
DA:1,3
DA:10,2
DA:14,3
LF:3
LH:3
BRF:0
BRH:0
end_of_record
TN:
SF:services/playlist.service.js
FN:19,(anonymous_0)
FN:25,(anonymous_1)
FN:29,(anonymous_2)
FN:33,(anonymous_3)
FN:37,(anonymous_4)
FN:44,(anonymous_5)
FN:50,(anonymous_6)
FN:64,(anonymous_7)
FN:73,(anonymous_8)
FN:77,(anonymous_9)
FN:86,(anonymous_10)
FN:90,(anonymous_11)
FN:104,(anonymous_12)
FN:108,(anonymous_13)
FNF:14
FNH:14
FNDA:20,(anonymous_0)
FNDA:14,(anonymous_1)
FNDA:4,(anonymous_2)
FNDA:3,(anonymous_3)
FNDA:1,(anonymous_4)
FNDA:1,(anonymous_5)
FNDA:5,(anonymous_6)
FNDA:2,(anonymous_7)
FNDA:1,(anonymous_8)
FNDA:1,(anonymous_9)
FNDA:3,(anonymous_10)
FNDA:3,(anonymous_11)
FNDA:3,(anonymous_12)
FNDA:1,(anonymous_13)
DA:11,2
DA:12,2
DA:13,2
DA:14,2
DA:15,2
DA:16,2
DA:20,20
DA:21,20
DA:22,20
DA:26,14
DA:30,4
DA:34,3
DA:38,1
DA:39,1
DA:40,1
DA:41,1
DA:45,1
DA:46,1
DA:47,1
DA:51,5
DA:52,1
DA:53,4
DA:54,1
DA:55,3
DA:56,1
DA:57,2
DA:58,1
DA:60,1
DA:65,2
DA:66,2
DA:67,1
DA:68,1
DA:70,2
DA:74,1
DA:78,1
DA:79,1
DA:80,1
DA:81,1
DA:82,1
DA:83,1
DA:87,3
DA:91,3
DA:92,2
DA:97,1
DA:105,3
DA:109,1
DA:110,1
DA:113,2
LF:48
LH:48
BRDA:51,0,0,1
BRDA:51,0,1,4
BRDA:53,1,0,1
BRDA:53,1,1,3
BRDA:55,2,0,1
BRDA:55,2,1,2
BRDA:57,3,0,1
BRDA:57,3,1,1
BRDA:66,4,0,1
BRDA:66,4,1,1
BRDA:91,5,0,2
BRDA:91,5,1,1
BRF:12
BRH:12
end_of_record
TN:
SF:services/search_bar.service.js
FN:2,(anonymous_0)
FN:7,(anonymous_1)
FNF:2
FNH:2
FNDA:2,(anonymous_0)
FNDA:2,(anonymous_1)
DA:3,2
DA:4,2
DA:8,2
DA:9,2
DA:10,2
DA:14,1
LF:6
LH:6
BRF:0
BRH:0
end_of_record
TN:
SF:services/songs.service.js
FN:18,(anonymous_0)
FN:24,(anonymous_1)
FN:28,(anonymous_2)
FN:32,(anonymous_3)
FN:36,(anonymous_4)
FN:42,(anonymous_5)
FN:46,(anonymous_6)
FN:62,(anonymous_7)
FN:66,(anonymous_8)
FNF:9
FNH:9
FNDA:10,(anonymous_0)
FNDA:14,(anonymous_1)
FNDA:1,(anonymous_2)
FNDA:7,(anonymous_3)
FNDA:3,(anonymous_4)
FNDA:3,(anonymous_5)
FNDA:3,(anonymous_6)
FNDA:3,(anonymous_7)
FNDA:1,(anonymous_8)
DA:11,2
DA:12,2
DA:13,2
DA:15,2
DA:19,10
DA:20,10
DA:21,10
DA:25,14
DA:29,1
DA:33,7
DA:37,3
DA:38,3
DA:39,3
DA:43,3
DA:47,3
DA:48,2
DA:54,1
DA:63,3
DA:67,1
DA:68,1
DA:72,2
LF:21
LH:21
BRDA:47,0,0,2
BRDA:47,0,1,1
BRF:2
BRH:2
end_of_record
